C:\Program Files\Microsoft Visual Studio\2022\Community\MSBuild\Microsoft\VC\v170\Microsoft.CppBuild.targets(531,5): warning MSB8028: The intermediate directory (x64\Debug\) contains files shared from another project (ComponentFramework.vcxproj).  This can lead to incorrect clean and rebuild behavior.
  Body.cpp
C:\College Projects\ComponentFramework\ComponentFramework\Body.h(3,10): fatal  error C1083: Cannot open include file: 'Vector.h': No such file or directory
  Camera.cpp
C:\College Projects\ComponentFramework\ComponentFramework\Camera.cpp(1,10): fatal  error C1083: Cannot open include file: 'glew.h': No such file or directory
  Collision.cpp
C:\College Projects\ComponentFramework\ComponentFramework\Body.h(3,10): fatal  error C1083: Cannot open include file: 'Vector.h': No such file or directory
  Debug.cpp
  Mesh.cpp
C:\College Projects\ComponentFramework\ComponentFramework\Mesh.h(3,10): fatal  error C1083: Cannot open include file: 'glew.h': No such file or directory
  SceneManager.cpp
C:\College Projects\ComponentFramework\ComponentFramework\SceneManager.cpp(1,10): fatal  error C1083: Cannot open include file: 'SDL.h': No such file or directory
  Main.cpp
C:\College Projects\ComponentFramework\ComponentFramework\Main.cpp(11,30): error C2338: static_assert failed: 'This program is not ready for 64-bit build'
  Scene0.cpp
C:\College Projects\ComponentFramework\ComponentFramework\Scene0.cpp(1,10): fatal  error C1083: Cannot open include file: 'glew.h': No such file or directory
  Shader.cpp
C:\College Projects\ComponentFramework\ComponentFramework\Shader.h(3,10): fatal  error C1083: Cannot open include file: 'glew.h': No such file or directory
  Skybox.cpp
C:\College Projects\ComponentFramework\ComponentFramework\Skybox.cpp(1,10): fatal  error C1083: Cannot open include file: 'glew.h': No such file or directory
  texture.cpp
C:\College Projects\ComponentFramework\ComponentFramework\Texture.h(3,10): fatal  error C1083: Cannot open include file: 'glew.h': No such file or directory
  Timer.cpp
C:\College Projects\ComponentFramework\ComponentFramework\Timer.h(3,10): fatal  error C1083: Cannot open include file: 'SDL.h': No such file or directory
  Trackball.cpp
C:\College Projects\ComponentFramework\ComponentFramework\Trackball.cpp(1,10): fatal  error C1083: Cannot open include file: 'glew.h': No such file or directory
  Vector.cpp
  Window.cpp
C:\College Projects\ComponentFramework\ComponentFramework\Window.h(4,10): fatal  error C1083: Cannot open include file: 'SDL.h': No such file or directory
  Generating Code...
