c:\users\brett\documents\school work\componentframework23.0.0\brettgarciacomponentframework23.0.0\componentframework\debug\vc143.pdb
c:\users\brett\documents\school work\componentframework23.0.0\brettgarciacomponentframework23.0.0\componentframework\debug\vc143.idb
c:\users\brett\documents\school work\componentframework23.0.0\brettgarciacomponentframework23.0.0\componentframework\debug\window.obj
c:\users\brett\documents\school work\componentframework23.0.0\brettgarciacomponentframework23.0.0\componentframework\debug\vector.obj
c:\users\brett\documents\school work\componentframework23.0.0\brettgarciacomponentframework23.0.0\componentframework\debug\timer.obj
c:\users\brett\documents\school work\componentframework23.0.0\brettgarciacomponentframework23.0.0\componentframework\debug\texture.obj
c:\users\brett\documents\school work\componentframework23.0.0\brettgarciacomponentframework23.0.0\componentframework\debug\shader.obj
c:\users\brett\documents\school work\componentframework23.0.0\brettgarciacomponentframework23.0.0\componentframework\debug\scene0.obj
c:\users\brett\documents\school work\componentframework23.0.0\brettgarciacomponentframework23.0.0\componentframework\debug\main.obj
c:\users\brett\documents\school work\componentframework23.0.0\brettgarciacomponentframework23.0.0\componentframework\debug\scenemanager.obj
c:\users\brett\documents\school work\componentframework23.0.0\brettgarciacomponentframework23.0.0\componentframework\debug\scene1.obj
c:\users\brett\documents\school work\componentframework23.0.0\brettgarciacomponentframework23.0.0\componentframework\debug\mesh.obj
c:\users\brett\documents\school work\componentframework23.0.0\brettgarciacomponentframework23.0.0\componentframework\debug\debug.obj
c:\users\brett\documents\school work\componentframework23.0.0\brettgarciacomponentframework23.0.0\componentframework\debug\body.obj
c:\users\brett\documents\school work\componentframework23.0.0\brettgarciacomponentframework23.0.0\componentframework\debug\scene2.obj
c:\users\brett\documents\school work\componentframework23.0.0\brettgarciacomponentframework23.0.0\componentframework\debug\collision.obj
c:\users\brett\documents\school work\componentframework23.0.0\brettgarciacomponentframework23.0.0\componentframework\debug\scene3.obj
c:\users\brett\documents\school work\componentframework23.0.0\brettgarciacomponentframework23.0.0\componentframework\debug\trackball.obj
c:\users\brett\documents\school work\componentframework23.0.0\brettgarciacomponentframework23.0.0\componentframework\debug\skybox.obj
c:\users\brett\documents\school work\componentframework23.0.0\brettgarciacomponentframework23.0.0\componentframework\debug\scene4.obj
c:\users\brett\documents\school work\componentframework23.0.0\brettgarciacomponentframework23.0.0\componentframework\debug\camera.obj
c:\users\brett\documents\school work\componentframework23.0.0\brettgarciacomponentframework23.0.0\componentframework\debug\scene5.obj
c:\users\brett\documents\school work\componentframework23.0.0\brettgarciacomponentframework23.0.0\debug\componentframework.exe
c:\users\brett\documents\school work\componentframework23.0.0\brettgarciacomponentframework23.0.0\componentframework\debug\componentframework.ilk
c:\users\brett\documents\school work\componentframework23.0.0\brettgarciacomponentframework23.0.0\debug\componentframework.pdb
c:\users\brett\documents\school work\componentframework23.0.0\brettgarciacomponentframework23.0.0\componentframework\debug\componen.614c2865.tlog\cl.command.1.tlog
c:\users\brett\documents\school work\componentframework23.0.0\brettgarciacomponentframework23.0.0\componentframework\debug\componen.614c2865.tlog\cl.read.1.tlog
c:\users\brett\documents\school work\componentframework23.0.0\brettgarciacomponentframework23.0.0\componentframework\debug\componen.614c2865.tlog\cl.write.1.tlog
c:\users\brett\documents\school work\componentframework23.0.0\brettgarciacomponentframework23.0.0\componentframework\debug\componen.614c2865.tlog\link.command.1.tlog
c:\users\brett\documents\school work\componentframework23.0.0\brettgarciacomponentframework23.0.0\componentframework\debug\componen.614c2865.tlog\link.read.1.tlog
c:\users\brett\documents\school work\componentframework23.0.0\brettgarciacomponentframework23.0.0\componentframework\debug\componen.614c2865.tlog\link.write.1.tlog
