C:\Program Files\Microsoft Visual Studio\2022\Community\MSBuild\Microsoft\VC\v170\Microsoft.CppBuild.targets(531,5): warning MSB8028: The intermediate directory (Debug\) contains files shared from another project (ComponentFramework.vcxproj).  This can lead to incorrect clean and rebuild behavior.
  Body.cpp
C:\College Projects\ComponentFramework\ComponentFramework\Body.cpp(67,40): warning C4305: 'initializing': truncation from 'double' to 'float'
C:\College Projects\ComponentFramework\ComponentFramework\Body.cpp(101,40): warning C4305: 'initializing': truncation from 'double' to 'float'
  Camera.cpp
  Collision.cpp
  Debug.cpp
  Mesh.cpp
C:\College Projects\ComponentFramework\ComponentFramework\tiny_obj_loader.h(1665,27): warning C4018: '<': signed/unsigned mismatch
  SceneManager.cpp
C:\College Projects\ComponentFramework\ComponentFramework\Scene0.h(34,52): warning C4244: 'initializing': conversion from 'double' to 'float', possible loss of data
  Main.cpp
  Scene0.cpp
C:\College Projects\ComponentFramework\ComponentFramework\Scene0.h(34,52): warning C4244: 'initializing': conversion from 'double' to 'float', possible loss of data
C:\GameDev\MathLibrary\include\MMath.h(18,16): warning C4244: '=': conversion from 'double' to 'float', possible loss of data
C:\GameDev\MathLibrary\include\MMath.h(19,16): warning C4244: '=': conversion from 'double' to 'float', possible loss of data
C:\GameDev\MathLibrary\include\MMath.h(49,14): warning C4244: 'initializing': conversion from 'double' to 'float', possible loss of data
C:\GameDev\MathLibrary\include\QMath.h(86,15): warning C4244: 'initializing': conversion from 'double' to 'float', possible loss of data
C:\GameDev\MathLibrary\include\QMath.h(87,15): warning C4244: 'initializing': conversion from 'double' to 'float', possible loss of data
C:\GameDev\MathLibrary\include\QMath.h(88,15): warning C4244: 'initializing': conversion from 'double' to 'float', possible loss of data
C:\GameDev\MathLibrary\include\QMath.h(89,15): warning C4244: 'initializing': conversion from 'double' to 'float', possible loss of data
C:\GameDev\MathLibrary\include\QMath.h(90,15): warning C4244: 'initializing': conversion from 'double' to 'float', possible loss of data
C:\GameDev\MathLibrary\include\QMath.h(91,15): warning C4244: 'initializing': conversion from 'double' to 'float', possible loss of data
C:\GameDev\MathLibrary\include\QMath.h(103,16): warning C4244: 'initializing': conversion from 'double' to 'float', possible loss of data
C:\College Projects\ComponentFramework\ComponentFramework\Scene0.cpp(31,28): warning C4244: 'initializing': conversion from 'double' to 'float', possible loss of data
C:\College Projects\ComponentFramework\ComponentFramework\Scene0.cpp(116,43): warning C4244: 'argument': conversion from 'double' to 'const float', possible loss of data
  Shader.cpp
  Skybox.cpp
  texture.cpp
  Timer.cpp
  Trackball.cpp
C:\GameDev\MathLibrary\include\MMath.h(18,16): warning C4244: '=': conversion from 'double' to 'float', possible loss of data
C:\GameDev\MathLibrary\include\MMath.h(19,16): warning C4244: '=': conversion from 'double' to 'float', possible loss of data
C:\GameDev\MathLibrary\include\MMath.h(49,14): warning C4244: 'initializing': conversion from 'double' to 'float', possible loss of data
C:\College Projects\ComponentFramework\ComponentFramework\Trackball.cpp(52,14): warning C4244: 'initializing': conversion from 'double' to 'float', possible loss of data
  Vector.cpp
  Window.cpp
  Generating Code...
  ComponentFramework.vcxproj -> C:\College Projects\ComponentFramework\Debug\Forsaken-Woods.exe
